1600196240136	geckodriver	INFO	Listening on 127.0.0.1:14443
1600196243143	mozrunner::runner	INFO	Running command: "C:\\Program Files (x86)\\Mozilla Firefox\\firefox.exe" "--marionette" "-foreground" "-no-remote" "-profile" "C:\\Users\\pc\\AppData\\Local\\Temp\\rust_mozprofileNjRWCG"
JavaScript error: resource://gre/modules/XULStore.jsm, line 66: Error: Can't find profile directory.
console.error: SearchCache: "_readCacheFile: Error reading cache file:" (new Error("", "(unknown module)"))
1600196247752	Marionette	INFO	Listening on port 14452
1600196247919	Marionette	WARN	TLS certificate errors will be ignored for this session
1600196406670	Marionette	INFO	Stopped listening on port 14452

###!!! [Child][RunMessage] Error: Channel closing: too late to send/recv, messages will be lost


###!!! [Child][MessageChannel::SendAndWait] Error: Channel error: cannot send/recv

l\\Temp\\rust_mozprofileG2Adv5"
JavaScript error: resource://gre/modules/XULStore.jsm, line 66: Error: Can't find profile directory.
console.error: SearchCache: "_readCacheFile: Error reading cache file:" (new Error("", "(unknown module)"))
1600196339116	Marionette	INFO	Listening on port 14552
1600196339610	Marionette	WARN	TLS certificate errors will be ignored for this session
console.warn: LoginRecipes: "getRecipes: falling back to a synchronous message for:" "https://www.google.com"

###!!! [Child][MessageChannel] Error: (msgtype=0x5A000D,name=PHttpChannel::Msg_DeletingChannel) Channel closing: too late to send/recv, messages will be lost

1600196583964	Marionette	INFO	Stopped listening on port 14552

###!!! [Child][RunMessage] Error: Channel closing: too late to send/recv, messages will be lost


###!!! [Child][MessageChannel::SendAndWait] Error: Channel error: cannot send/recv

_readCacheFile: Error reading cache file:" (new Error("", "(unknown module)"))
1600196538364	Marionette	INFO	Listening on port 14729
1600196538601	Marionette	WARN	TLS certificate errors will be ignored for this session
1600196662775	Marionette	INFO	Stopped listening on port 14729

###!!! [Child][MessageChannel::SendAndWait] Error: Channel error: cannot send/recv

1600196674273	geckodriver	INFO	Listening on 127.0.0.1:1142
1600196677301	mozrunner::runner	INFO	Running command: "C:\\Program Files (x86)\\Mozilla Firefox\\firefox.exe" "--marionette" "-foreground" "-no-remote" "-profile" "C:\\Users\\pc\\AppData\\Local\\Temp\\rust_mozprofileAM9jET"
JavaScript error: resource://gre/modules/XULStore.jsm, line 66: Error: Can't find profile directory.
console.error: SearchCache: "_readCacheFile: Error reading cache file:" (new Error("", "(unknown module)"))
1600196682151	Marionette	INFO	Listening on port 1153
1600196682644	Marionette	WARN	TLS certificate errors will be ignored for this session
1600196880375	Marionette	INFO	Stopped listening on port 1153

###!!! [Child][RunMessage] Error: Channel closing: too late to send/recv, messages will be lost


###!!! [Child][MessageChannel::SendAndWait] Error: Channel error: cannot send/recv

l\\Temp\\rust_mozprofilepEIAcW"
JavaScript error: resource://gre/modules/XULStore.jsm, line 66: Error: Can't find profile directory.
console.error: SearchCache: "_readCacheFile: Error reading cache file:" (new Error("", "(unknown module)"))
1600196749949	Marionette	INFO	Listening on port 1372
1600196750008	Marionette	WARN	TLS certificate errors will be ignored for this session
1600196772434	Marionette	INFO	Stopped listening on port 1372

###!!! [Child][RunMessage] Error: Channel closing: too late to send/recv, messages will be lost


###!!! [Child][MessageChannel::SendAndWait] Error: Channel error: cannot send/recv

1600197175289	geckodriver	INFO	Listening on 127.0.0.1:1685
1600197178289	mozrunner::runner	INFO	Running command: "C:\\Program Files (x86)\\Mozilla Firefox\\firefox.exe" "--marionette" "-foreground" "-no-remote" "-profile" "C:\\Users\\pc\\AppData\\Local\\Temp\\rust_mozprofileRe8KOO"
JavaScript error: resource://gre/modules/XULStore.jsm, line 66: Error: Can't find profile directory.
console.error: SearchCache: "_readCacheFile: Error reading cache file:" (new Error("", "(unknown module)"))
1600197182749	Marionette	INFO	Listening on port 1693
1600197183089	Marionette	WARN	TLS certificate errors will be ignored for this session
1600197650699	Marionette	INFO	Stopped listening on port 1693

###!!! [Child][MessageChannel::SendAndWait] Error: Channel error: cannot send/recv

efox\\firefox.exe" "--marionette" "-foreground" "-no-remote" "-profile" "C:\\Users\\pc\\AppData\\Local\\Temp\\rust_mozprofile42Kzsz"
JavaScript error: resource://gre/modules/XULStore.jsm, line 66: Error: Can't find profile directory.
console.error: SearchCache: "_readCacheFile: Error reading cache file:" (new Error("", "(unknown module)"))
1600197602155	Marionette	INFO	Listening on port 2212
1600197602369	Marionette	WARN	TLS certificate errors will be ignored for this session
1600197962612	Marionette	INFO	Stopped listening on port 2212

###!!! [Child][MessageChannel::SendAndWait] Error: Channel error: cannot send/recv

efox\\firefox.exe" "--marionette" "-foreground" "-no-remote" "-profile" "C:\\Users\\pc\\AppData\\Local\\Temp\\rust_mozprofileEXxpZH"
JavaScript error: resource://gre/modules/XULStore.jsm, line 66: Error: Can't find profile directory.
console.error: SearchCache: "_readCacheFile: Error reading cache file:" (new Error("", "(unknown module)"))
1600197664514	Marionette	INFO	Listening on port 2403
1600197664736	Marionette	WARN	TLS certificate errors will be ignored for this session
1600197686474	Marionette	INFO	Stopped listening on port 2403

###!!! [Child][RunMessage] Error: Channel closing: too late to send/recv, messages will be lost


###!!! [Child][MessageChannel::SendAndWait] Error: Channel error: cannot send/recv

1600197758203	geckodriver	INFO	Listening on 127.0.0.1:2595
1600197761227	mozrunner::runner	INFO	Running command: "C:\\Program Files (x86)\\Mozilla Firefox\\firefox.exe" "--marionette" "-foreground" "-no-remote" "-profile" "C:\\Users\\pc\\AppData\\Local\\Temp\\rust_mozprofileMSexqN"
JavaScript error: resource://gre/modules/XULStore.jsm, line 66: Error: Can't find profile directory.
console.error: SearchCache: "_readCacheFile: Error reading cache file:" (new Error("", "(unknown module)"))
1600197765688	Marionette	INFO	Listening on port 2603
1600197766010	Marionette	WARN	TLS certificate errors will be ignored for this session
1600197780508	Marionette	INFO	Stopped listening on port 2603
[Child 11216, Chrome_ChildThread] WARNING: pipe error: 232: file /builds/worker/checkouts/gecko/ipc/chromium/src/chrome/common/ipc_channel_win.cc, line 545

###!!! [Child][RunMessage] Error: Channel closing: too late to send/recv, messages will be lost


###!!! [Child][MessageChannel::SendAndWait] Error: Channel error: cannot send/recv

1600197824716	geckodriver	INFO	Listening on 127.0.0.1:2782
1600197827729	mozrunner::runner	INFO	Running command: "C:\\Program Files (x86)\\Mozilla Firefox\\firefox.exe" "--marionette" "-foreground" "-no-remote" "-profile" "C:\\Users\\pc\\AppData\\Local\\Temp\\rust_mozprofileYV2QNg"
JavaScript error: resource://gre/modules/XULStore.jsm, line 66: Error: Can't find profile directory.
console.error: SearchCache: "_readCacheFile: Error reading cache file:" (new Error("", "(unknown module)"))
1600197832264	Marionette	INFO	Listening on port 2791
1600197832507	Marionette	WARN	TLS certificate errors will be ignored for this session
1600197958657	Marionette	INFO	Stopped listening on port 2791

###!!! [Child][RunMessage] Error: Channel closing: too late to send/recv, messages will be lost


###!!! [Child][MessageChannel::SendAndWait] Error: Channel error: cannot send/recv

l\\Temp\\rust_mozprofiletcu1Xm"
JavaScript error: resource://gre/modules/XULStore.jsm, line 66: Error: Can't find profile directory.
console.error: SearchCache: "_readCacheFile: Error reading cache file:" (new Error("", "(unknown module)"))
1600197901297	Marionette	INFO	Listening on port 2986
1600197901500	Marionette	WARN	TLS certificate errors will be ignored for this session
1600197915855	Marionette	INFO	Stopped listening on port 2986

###!!! [Child][RunMessage] Error: Channel closing: too late to send/recv, messages will be lost


###!!! [Child][RunMessage] Error: Channel closing: too late to send/recv, messages will be lost


###!!! [Child][MessageChannel::SendAndWait] Error: Channel error: cannot send/recv

1600197967889	geckodriver	INFO	Listening on 127.0.0.1:3159
1600197970893	mozrunner::runner	INFO	Running command: "C:\\Program Files (x86)\\Mozilla Firefox\\firefox.exe" "--marionette" "-foreground" "-no-remote" "-profile" "C:\\Users\\pc\\AppData\\Local\\Temp\\rust_mozprofileWnUa1W"
JavaScript error: resource://gre/modules/XULStore.jsm, line 66: Error: Can't find profile directory.
console.error: SearchCache: "_readCacheFile: Error reading cache file:" (new Error("", "(unknown module)"))
1600197975343	Marionette	INFO	Listening on port 3168
1600197975649	Marionette	WARN	TLS certificate errors will be ignored for this session
1600197989959	Marionette	INFO	Stopped listening on port 3168

###!!! [Child][RunMessage] Error: Channel closing: too late to send/recv, messages will be lost


###!!! [Child][RunMessage] Error: Channel closing: too late to send/recv, messages will be lost


###!!! [Child][MessageChannel::SendAndWait] Error: Channel error: cannot send/recv

1600198026064	geckodriver	INFO	Listening on 127.0.0.1:3335
1600198029074	mozrunner::runner	INFO	Running command: "C:\\Program Files (x86)\\Mozilla Firefox\\firefox.exe" "--marionette" "-foreground" "-no-remote" "-profile" "C:\\Users\\pc\\AppData\\Local\\Temp\\rust_mozprofileBQ5A3b"
JavaScript error: resource://gre/modules/XULStore.jsm, line 66: Error: Can't find profile directory.
console.error: SearchCache: "_readCacheFile: Error reading cache file:" (new Error("", "(unknown module)"))
1600198033714	Marionette	INFO	Listening on port 3344
1600198033849	Marionette	WARN	TLS certificate errors will be ignored for this session
console.error: "Panel inspector:" (new TypeError("event is undefined", "resource://devtools/client/shared/telemetry.js", 697))
1600198315152	Marionette	INFO	Stopped listening on port 3344

###!!! [Child][RunMessage] Error: Channel closing: too late to send/recv, messages will be lost


###!!! [Child][MessageChannel::SendAndWait] Error: Channel error: cannot send/recv

1600198340635	geckodriver	INFO	Listening on 127.0.0.1:3523
1600198343620	mozrunner::runner	INFO	Running command: "C:\\Program Files (x86)\\Mozilla Firefox\\firefox.exe" "--marionette" "-foreground" "-no-remote" "-profile" "C:\\Users\\pc\\AppData\\Local\\Temp\\rust_mozprofilepeAnpp"
JavaScript error: resource://gre/modules/XULStore.jsm, line 66: Error: Can't find profile directory.
console.error: SearchCache: "_readCacheFile: Error reading cache file:" (new Error("", "(unknown module)"))
1600198348013	Marionette	INFO	Listening on port 3532
1600198348428	Marionette	WARN	TLS certificate errors will be ignored for this session
console.warn: LoginRecipes: "getRecipes: falling back to a synchronous message for:" "https://www.amazon.com"
1600198487943	Marionette	INFO	Stopped listening on port 3532

###!!! [Child][RunMessage] Error: Channel closing: too late to send/recv, messages will be lost


###!!! [Child][MessageChannel::SendAndWait] Error: Channel error: cannot send/recv

1600198501973	geckodriver	INFO	Listening on 127.0.0.1:3852
1600198504994	mozrunner::runner	INFO	Running command: "C:\\Program Files (x86)\\Mozilla Firefox\\firefox.exe" "--marionette" "-foreground" "-no-remote" "-profile" "C:\\Users\\pc\\AppData\\Local\\Temp\\rust_mozprofile7Sq344"
JavaScript error: resource://gre/modules/XULStore.jsm, line 66: Error: Can't find profile directory.
console.error: SearchCache: "_readCacheFile: Error reading cache file:" (new Error("", "(unknown module)"))
1600198509582	Marionette	INFO	Listening on port 3860
1600198509758	Marionette	WARN	TLS certificate errors will be ignored for this session
SourceActor threw an exception: [Exception... "Failed to open input source 'file:///'"  nsresult: "0x80004005 (NS_ERROR_FAILURE)"  location: "JS frame :: resource://devtools/shared/DevToolsUtils.js :: mainThreadFetch/< :: line 661"  data: yes]
Stack: mainThreadFetch/<@resource://devtools/shared/DevToolsUtils.js:661:15
mainThreadFetch@resource://devtools/shared/DevToolsUtils.js:509:10
_fetchURLContents@resource://devtools/server/actors/utils/TabSources.js:440:22
urlContents@resource://devtools/server/actors/utils/TabSources.js:407:17
_resurrectSource@resource://devtools/server/actors/thread.js:2063:69
addAllSources@resource://devtools/server/actors/thread.js:1446:14
onSources@resource://devtools/server/actors/thread.js:1452:10
onPacket@resource://devtools/server/devtools-server-connection.js:379:58
receiveMessage@resource://devtools/shared/transport/child-transport.js:66:16
Line: 661, column: 0
console.error: ({})
JavaScript error: resource://devtools/shared/DevToolsUtils.js, line 661: NS_ERROR_FAILURE: Failed to open input source 'file:///'
console.error: "Panel inspector:" (new TypeError("event is undefined", "resource://devtools/client/shared/telemetry.js", 697))
1600198931093	Marionette	INFO	Stopped listening on port 3860

###!!! [Child][RunMessage] Error: Channel closing: too late to send/recv, messages will be lost


###!!! [Child][MessageChannel::SendAndWait] Error: Channel error: cannot send/recv

1600199827839	geckodriver	INFO	Listening on 127.0.0.1:5363
1600199830809	mozrunner::runner	INFO	Running command: "C:\\Program Files (x86)\\Mozilla Firefox\\firefox.exe" "--marionette" "-foreground" "-no-remote" "-profile" "C:\\Users\\pc\\AppData\\Local\\Temp\\rust_mozprofileHr8Vpj"
JavaScript error: resource://gre/modules/XULStore.jsm, line 66: Error: Can't find profile directory.
console.error: SearchCache: "_readCacheFile: Error reading cache file:" (new Error("", "(unknown module)"))
1600199839108	Marionette	INFO	Listening on port 5371
1600199839300	Marionette	WARN	TLS certificate errors will be ignored for this session
1600199850760	Marionette	INFO	Stopped listening on port 5371

###!!! [Child][RunMessage] Error: Channel closing: too late to send/recv, messages will be lost


###!!! [Child][MessageChannel::SendAndWait] Error: Channel error: cannot send/recv

1601281234050	geckodriver	INFO	Listening on 127.0.0.1:9066
1601281237014	mozrunner::runner	INFO	Running command: "C:\\Program Files\\Firefox Developer Edition\\firefox.exe" "--marionette" "-foreground" "-no-remote" "-profile" "C:\\Users\\pc\\AppData\\Local\\Temp\\rust_mozprofilekA79U6"
Can't find symbol 'eglSwapBuffersWithDamageEXT'.
JavaScript error: resource://gre/modules/XULStore.jsm, line 66: Error: Can't find profile directory.
console.warn: SearchSettings: "get: No settings file exists, new profile?" (new Error("", "(unknown module)"))
1601281246736	Marionette	INFO	Listening on port 9074
1601281246971	Marionette	WARN	TLS certificate errors will be ignored for this session
JavaScript error: resource:///modules/UrlbarInput.jsm, line 1328: TypeError: (destructured parameter) is null
JavaScript error: resource:///modules/UrlbarInput.jsm, line 1328: TypeError: (destructured parameter) is null
JavaScript error: resource:///modules/UrlbarInput.jsm, line 1328: TypeError: (destructured parameter) is null
JavaScript error: resource:///modules/UrlbarInput.jsm, line 1328: TypeError: (destructured parameter) is null
1601281256635	Marionette	INFO	Stopped listening on port 9074

###!!! [Child][RunMessage] Error: Channel closing: too late to send/recv, messages will be lost


###!!! [Child][MessageChannel::SendAndWait] Error: Channel error: cannot send/recv

1601281314509	geckodriver	INFO	Listening on 127.0.0.1:9155
1601281317506	mozrunner::runner	INFO	Running command: "C:\\Program Files\\Firefox Developer Edition\\firefox.exe" "--marionette" "-foreground" "-no-remote" "-profile" "C:\\Users\\pc\\AppData\\Local\\Temp\\rust_mozprofileCpTMb1"
Can't find symbol 'eglSwapBuffersWithDamageEXT'.
JavaScript error: resource://gre/modules/XULStore.jsm, line 66: Error: Can't find profile directory.
console.warn: SearchSettings: "get: No settings file exists, new profile?" (new Error("", "(unknown module)"))
1601281321020	Marionette	INFO	Listening on port 9163
1601281321143	Marionette	WARN	TLS certificate errors will be ignored for this session
JavaScript error: resource:///modules/UrlbarInput.jsm, line 1328: TypeError: (destructured parameter) is null
JavaScript error: resource:///modules/UrlbarInput.jsm, line 1328: TypeError: (destructured parameter) is null
JavaScript error: resource:///modules/UrlbarInput.jsm, line 1328: TypeError: (destructured parameter) is null
JavaScript error: resource:///modules/UrlbarInput.jsm, line 1328: TypeError: (destructured parameter) is null
1601281346321	Marionette	INFO	Stopped listening on port 9163

###!!! [Child][RunMessage] Error: Channel closing: too late to send/recv, messages will be lost


###!!! [Child][RunMessage] Error: Channel closing: too late to send/recv, messages will be lost


###!!! [Child][MessageChannel::SendAndWait] Error: Channel error: cannot send/recv

1601281810585	geckodriver	INFO	Listening on 127.0.0.1:9353
1601281813583	mozrunner::runner	INFO	Running command: "C:\\Program Files\\Firefox Developer Edition\\firefox.exe" "--marionette" "-foreground" "-no-remote" "-profile" "C:\\Users\\pc\\AppData\\Local\\Temp\\rust_mozprofileNAC2qG"
Can't find symbol 'eglSwapBuffersWithDamageEXT'.
JavaScript error: resource://gre/modules/XULStore.jsm, line 66: Error: Can't find profile directory.
console.warn: SearchSettings: "get: No settings file exists, new profile?" (new Error("", "(unknown module)"))
1601281817082	Marionette	INFO	Listening on port 9361
1601281817231	Marionette	WARN	TLS certificate errors will be ignored for this session
JavaScript error: resource:///modules/UrlbarInput.jsm, line 1328: TypeError: (destructured parameter) is null
JavaScript error: resource:///modules/UrlbarInput.jsm, line 1328: TypeError: (destructured parameter) is null
JavaScript error: resource:///modules/UrlbarInput.jsm, line 1328: TypeError: (destructured parameter) is null
JavaScript error: resource:///modules/UrlbarInput.jsm, line 1328: TypeError: (destructured parameter) is null
JavaScript error: resource://gre/modules/psm/RemoteSecuritySettings.jsm, line 805: NS_ERROR_ILLEGAL_VALUE: Component returned failure code: 0x80070057 (NS_ERROR_ILLEGAL_VALUE) [nsIXPCComponents_Utils.reportError]
1601282478774	Marionette	INFO	Stopped listening on port 9361

###!!! [Child][RunMessage] Error: Channel closing: too late to send/recv, messages will be lost


###!!! [Child][RunMessage] Error: Channel closing: too late to send/recv, messages will be lost


###!!! [Child][MessageChannel::SendAndWait] Error: Channel error: cannot send/recv

arionette	INFO	Listening on port 9506
1601282074246	Marionette	WARN	TLS certificate errors will be ignored for this session
JavaScript error: resource:///modules/UrlbarInput.jsm, line 1328: TypeError: (destructured parameter) is null
JavaScript error: resource:///modules/UrlbarInput.jsm, line 1328: TypeError: (destructured parameter) is null
JavaScript error: resource:///modules/UrlbarInput.jsm, line 1328: TypeError: (destructured parameter) is null
JavaScript error: resource:///modules/UrlbarInput.jsm, line 1328: TypeError: (destructured parameter) is null
console.warn: LoginRecipes: "getRecipes: falling back to a synchronous message for:" "https://www.google.com"
1601282140211	Marionette	INFO	Stopped listening on port 9506

###!!! [Child][RunMessage] Error: Channel closing: too late to send/recv, messages will be lost


###!!! [Child][RunMessage] Error: Channel closing: too late to send/recv, messages will be lost


###!!! [Child][MessageChannel::SendAndWait] Error: Channel error: cannot send/recv

1601283003492	geckodriver	INFO	Listening on 127.0.0.1:9837
1601283006457	mozrunner::runner	INFO	Running command: "C:\\Program Files\\Firefox Developer Edition\\firefox.exe" "--marionette" "-foreground" "-no-remote" "-profile" "C:\\Users\\pc\\AppData\\Local\\Temp\\rust_mozprofile9BJYWz"
Can't find symbol 'eglSwapBuffersWithDamageEXT'.
JavaScript error: resource://gre/modules/XULStore.jsm, line 66: Error: Can't find profile directory.
console.warn: SearchSettings: "get: No settings file exists, new profile?" (new Error("", "(unknown module)"))
1601283009876	Marionette	INFO	Listening on port 9845
1601283010119	Marionette	WARN	TLS certificate errors will be ignored for this session
JavaScript error: resource:///modules/UrlbarInput.jsm, line 1328: TypeError: (destructured parameter) is null
JavaScript error: resource:///modules/UrlbarInput.jsm, line 1328: TypeError: (destructured parameter) is null
JavaScript error: resource:///modules/UrlbarInput.jsm, line 1328: TypeError: (destructured parameter) is null
JavaScript error: resource:///modules/UrlbarInput.jsm, line 1328: TypeError: (destructured parameter) is null
1601283026591	Marionette	INFO	Stopped listening on port 9845

###!!! [Child][RunMessage] Error: Channel closing: too late to send/recv, messages will be lost


###!!! [Child][RunMessage] Error: Channel closing: too late to send/recv, messages will be lost


###!!! [Child][MessageChannel::SendAndWait] Error: Channel error: cannot send/recv

1601283041239	geckodriver	INFO	Listening on 127.0.0.1:10056
1601283044227	mozrunner::runner	INFO	Running command: "C:\\Program Files\\Firefox Developer Edition\\firefox.exe" "--marionette" "-foreground" "-no-remote" "-profile" "C:\\Users\\pc\\AppData\\Local\\Temp\\rust_mozprofileYwLJP1"
Can't find symbol 'eglSwapBuffersWithDamageEXT'.
JavaScript error: resource://gre/modules/XULStore.jsm, line 66: Error: Can't find profile directory.
console.warn: SearchSettings: "get: No settings file exists, new profile?" (new Error("", "(unknown module)"))
1601283047722	Marionette	INFO	Listening on port 10064
1601283047884	Marionette	WARN	TLS certificate errors will be ignored for this session
JavaScript error: resource:///modules/UrlbarInput.jsm, line 1328: TypeError: (destructured parameter) is null
JavaScript error: resource:///modules/UrlbarInput.jsm, line 1328: TypeError: (destructured parameter) is null
JavaScript error: resource:///modules/UrlbarInput.jsm, line 1328: TypeError: (destructured parameter) is null
JavaScript error: resource:///modules/UrlbarInput.jsm, line 1328: TypeError: (destructured parameter) is null
1601283118531	Marionette	INFO	Stopped listening on port 10064

###!!! [Child][RunMessage] Error: Channel closing: too late to send/recv, messages will be lost


###!!! [Child][RunMessage] Error: Channel closing: too late to send/recv, messages will be lost


###!!! [Child][MessageChannel::SendAndWait] Error: Channel error: cannot send/recv

r: resource://gre/modules/XULStore.jsm, line 66: Error: Can't find profile directory.
console.warn: SearchSettings: "get: No settings file exists, new profile?" (new Error("", "(unknown module)"))
1601283076452	Marionette	INFO	Listening on port 10267
1601283076638	Marionette	WARN	TLS certificate errors will be ignored for this session
JavaScript error: resource:///modules/UrlbarInput.jsm, line 1328: TypeError: (destructured parameter) is null
JavaScript error: resource:///modules/UrlbarInput.jsm, line 1328: TypeError: (destructured parameter) is null
JavaScript error: resource:///modules/UrlbarInput.jsm, line 1328: TypeError: (destructured parameter) is null
JavaScript error: resource:///modules/UrlbarInput.jsm, line 1328: TypeError: (destructured parameter) is null
1601283116660	Marionette	INFO	Stopped listening on port 10267

###!!! [Child][RunMessage] Error: Channel closing: too late to send/recv, messages will be lost


###!!! [Child][RunMessage] Error: Channel closing: too late to send/recv, messages will be lost


###!!! [Child][MessageChannel::SendAndWait] Error: Channel error: cannot send/recv

r: resource://gre/modules/XULStore.jsm, line 66: Error: Can't find profile directory.
console.warn: SearchSettings: "get: No settings file exists, new profile?" (new Error("", "(unknown module)"))
1601283103026	Marionette	INFO	Listening on port 10489
1601283103184	Marionette	WARN	TLS certificate errors will be ignored for this session
JavaScript error: resource:///modules/UrlbarInput.jsm, line 1328: TypeError: (destructured parameter) is null
JavaScript error: resource:///modules/UrlbarInput.jsm, line 1328: TypeError: (destructured parameter) is null
JavaScript error: resource:///modules/UrlbarInput.jsm, line 1328: TypeError: (destructured parameter) is null
JavaScript error: resource:///modules/UrlbarInput.jsm, line 1328: TypeError: (destructured parameter) is null
1601283114230	Marionette	INFO	Stopped listening on port 10489

###!!! [Child][RunMessage] Error: Channel closing: too late to send/recv, messages will be lost


###!!! [Child][MessageChannel::SendAndWait] Error: Channel error: cannot send/recv

1601283441289	geckodriver	INFO	Listening on 127.0.0.1:10814
1601283444276	mozrunner::runner	INFO	Running command: "C:\\Program Files\\Firefox Developer Edition\\firefox.exe" "--marionette" "-foreground" "-no-remote" "-profile" "C:\\Users\\pc\\AppData\\Local\\Temp\\rust_mozprofileIhhBqI"
Can't find symbol 'eglSwapBuffersWithDamageEXT'.
JavaScript error: resource://gre/modules/XULStore.jsm, line 66: Error: Can't find profile directory.
console.warn: SearchSettings: "get: No settings file exists, new profile?" (new Error("", "(unknown module)"))
1601283447781	Marionette	INFO	Listening on port 10823
1601283447913	Marionette	WARN	TLS certificate errors will be ignored for this session
JavaScript error: resource:///modules/UrlbarInput.jsm, line 1328: TypeError: (destructured parameter) is null
JavaScript error: resource:///modules/UrlbarInput.jsm, line 1328: TypeError: (destructured parameter) is null
JavaScript error: resource:///modules/UrlbarInput.jsm, line 1328: TypeError: (destructured parameter) is null
JavaScript error: resource:///modules/UrlbarInput.jsm, line 1328: TypeError: (destructured parameter) is null
console.warn: LoginRecipes: "getRecipes: falling back to a synchronous message for:" "https://www.youtube.com"
JavaScript error: resource://gre/modules/psm/RemoteSecuritySettings.jsm, line 805: NS_ERROR_ILLEGAL_VALUE: Component returned failure code: 0x80070057 (NS_ERROR_ILLEGAL_VALUE) [nsIXPCComponents_Utils.reportError]
1601342098527	Marionette	INFO	Stopped listening on port 10823

###!!! [Child][RunMessage] Error: Channel closing: too late to send/recv, messages will be lost


###!!! [Child][MessageChannel::SendAndWait] Error: Channel error: cannot send/recv

NFO	Listening on port 11138
1601283505852	Marionette	WARN	TLS certificate errors will be ignored for this session
JavaScript error: resource:///modules/UrlbarInput.jsm, line 1328: TypeError: (destructured parameter) is null
JavaScript error: resource:///modules/UrlbarInput.jsm, line 1328: TypeError: (destructured parameter) is null
JavaScript error: resource:///modules/UrlbarInput.jsm, line 1328: TypeError: (destructured parameter) is null
JavaScript error: resource:///modules/UrlbarInput.jsm, line 1328: TypeError: (destructured parameter) is null
1601283563232	Marionette	INFO	Stopped listening on port 11138

###!!! [Child][RunMessage] Error: Channel closing: too late to send/recv, messages will be lost


###!!! [Child][RunMessage] Error: Channel closing: too late to send/recv, messages will be lost


###!!! [Child][MessageChannel::SendAndWait] Error: Channel error: cannot send/recv

1601283599346	geckodriver	INFO	Listening on 127.0.0.1:11452
1601283602340	mozrunner::runner	INFO	Running command: "C:\\Program Files\\Firefox Developer Edition\\firefox.exe" "--marionette" "-foreground" "-no-remote" "-profile" "C:\\Users\\pc\\AppData\\Local\\Temp\\rust_mozprofileu4m5Si"
Can't find symbol 'eglSwapBuffersWithDamageEXT'.
JavaScript error: resource://gre/modules/XULStore.jsm, line 66: Error: Can't find profile directory.
console.warn: SearchSettings: "get: No settings file exists, new profile?" (new Error("", "(unknown module)"))
1601283605887	Marionette	INFO	Listening on port 11460
1601283605985	Marionette	WARN	TLS certificate errors will be ignored for this session
JavaScript error: resource:///modules/UrlbarInput.jsm, line 1328: TypeError: (destructured parameter) is null
JavaScript error: resource:///modules/UrlbarInput.jsm, line 1328: TypeError: (destructured parameter) is null
JavaScript error: resource:///modules/UrlbarInput.jsm, line 1328: TypeError: (destructured parameter) is null
JavaScript error: resource:///modules/UrlbarInput.jsm, line 1328: TypeError: (destructured parameter) is null
1601283623215	Marionette	INFO	Stopped listening on port 11460

###!!! [Child][RunMessage] Error: Channel closing: too late to send/recv, messages will be lost


###!!! [Child][MessageChannel::SendAndWait] Error: Channel error: cannot send/recv

1601283944215	geckodriver	INFO	Listening on 127.0.0.1:11858
1601283947207	mozrunner::runner	INFO	Running command: "C:\\Program Files\\Firefox Developer Edition\\firefox.exe" "--marionette" "-foreground" "-no-remote" "-profile" "C:\\Users\\pc\\AppData\\Local\\Temp\\rust_mozprofile6E9036"
Can't find symbol 'eglSwapBuffersWithDamageEXT'.
JavaScript error: resource://gre/modules/XULStore.jsm, line 66: Error: Can't find profile directory.
console.warn: SearchSettings: "get: No settings file exists, new profile?" (new Error("", "(unknown module)"))
1601283950747	Marionette	INFO	Listening on port 11867
1601283950855	Marionette	WARN	TLS certificate errors will be ignored for this session
JavaScript error: resource:///modules/UrlbarInput.jsm, line 1328: TypeError: (destructured parameter) is null
JavaScript error: resource:///modules/UrlbarInput.jsm, line 1328: TypeError: (destructured parameter) is null
JavaScript error: resource:///modules/UrlbarInput.jsm, line 1328: TypeError: (destructured parameter) is null
JavaScript error: resource:///modules/UrlbarInput.jsm, line 1328: TypeError: (destructured parameter) is null
1601283955992	Marionette	INFO	Stopped listening on port 11867

###!!! [Child][RunMessage] Error: Channel closing: too late to send/recv, messages will be lost


###!!! [Child][RunMessage] Error: Channel closing: too late to send/recv, messages will be lost


###!!! [Child][MessageChannel::SendAndWait] Error: Channel error: cannot send/recv

1601284454502	geckodriver	INFO	Listening on 127.0.0.1:12027
1601284457490	mozrunner::runner	INFO	Running command: "C:\\Program Files\\Firefox Developer Edition\\firefox.exe" "--marionette" "-foreground" "-no-remote" "-profile" "C:\\Users\\pc\\AppData\\Local\\Temp\\rust_mozprofileqGH007"
Can't find symbol 'eglSwapBuffersWithDamageEXT'.
JavaScript error: resource://gre/modules/XULStore.jsm, line 66: Error: Can't find profile directory.
console.warn: SearchSettings: "get: No settings file exists, new profile?" (new Error("", "(unknown module)"))
1601284461084	Marionette	INFO	Listening on port 12035
1601284461133	Marionette	WARN	TLS certificate errors will be ignored for this session
JavaScript error: resource:///modules/UrlbarInput.jsm, line 1328: TypeError: (destructured parameter) is null
JavaScript error: resource:///modules/UrlbarInput.jsm, line 1328: TypeError: (destructured parameter) is null
JavaScript error: resource:///modules/UrlbarInput.jsm, line 1328: TypeError: (destructured parameter) is null
JavaScript error: resource:///modules/UrlbarInput.jsm, line 1328: TypeError: (destructured parameter) is null
console.warn: LoginRecipes: "getRecipes: falling back to a synchronous message for:" "https://www.youtube.com"
JavaScript error: resource://gre/modules/psm/RemoteSecuritySettings.jsm, line 805: NS_ERROR_ILLEGAL_VALUE: Component returned failure code: 0x80070057 (NS_ERROR_ILLEGAL_VALUE) [nsIXPCComponents_Utils.reportError]
Can't find symbol 'eglSwapBuffersWithDamageEXT'.
[Child 12252, MediaDecoderStateMachine #1] WARNING: Decoder=29c09c8c400 Decode error: NS_ERROR_DOM_MEDIA_FATAL_ERR (0x806e0005) - RefPtr<MediaSourceTrackDemuxer::SamplesPromise> __cdecl mozilla::MediaSourceTrackDemuxer::DoGetSamples(int32_t): manager is detached.: file /builds/worker/checkouts/gecko/dom/media/MediaDecoderStateMachine.cpp, line 3471
[Child 12252, MediaDecoderStateMachine #1] WARNING: Decoder=29c09c8c400 Decode error: NS_ERROR_DOM_MEDIA_FATAL_ERR (0x806e0005) - RefPtr<MediaSourceTrackDemuxer::SamplesPromise> __cdecl mozilla::MediaSourceTrackDemuxer::DoGetSamples(int32_t): manager is detached.: file /builds/worker/checkouts/gecko/dom/media/MediaDecoderStateMachine.cpp, line 3471
[Child 12252, MediaDecoderStateMachine #1] WARNING: Decoder=29c09c8c400 Decode error: NS_ERROR_DOM_MEDIA_FATAL_ERR (0x806e0005) - RefPtr<MediaSourceTrackDemuxer::SamplesPromise> __cdecl mozilla::MediaSourceTrackDemuxer::DoGetSamples(int32_t): manager is detached.: file /builds/worker/checkouts/gecko/dom/media/MediaDecoderStateMachine.cpp, line 3471
[Child 12252, MediaDecoderStateMachine #1] WARNING: Decoder=29c09c8c400 Decode error: NS_ERROR_DOM_MEDIA_FATAL_ERR (0x806e0005) - RefPtr<MediaSourceTrackDemuxer::SamplesPromise> __cdecl mozilla::MediaSourceTrackDemuxer::DoGetSamples(int32_t): manager is detached.: file /builds/worker/checkouts/gecko/dom/media/MediaDecoderStateMachine.cpp, line 3471
[Child 12252, MediaDecoderStateMachine #1] WARNING: Decoder=29c09c8c400 Decode error: NS_ERROR_DOM_MEDIA_FATAL_ERR (0x806e0005) - RefPtr<MediaSourceTrackDemuxer::SamplesPromise> __cdecl mozilla::MediaSourceTrackDemuxer::DoGetSamples(int32_t): manager is detached.: file /builds/worker/checkouts/gecko/dom/media/MediaDecoderStateMachine.cpp, line 3471
[Child 12252, MediaDecoderStateMachine #1] WARNING: Decoder=29c09c8c400 Decode error: NS_ERROR_DOM_MEDIA_FATAL_ERR (0x806e0005) - RefPtr<MediaSourceTrackDemuxer::SamplesPromise> __cdecl mozilla::MediaSourceTrackDemuxer::DoGetSamples(int32_t): manager is detached.: file /builds/worker/checkouts/gecko/dom/media/MediaDecoderStateMachine.cpp, line 3471
[Child 12252, MediaDecoderStateMachine #1] WARNING: Decoder=29c09c8c400 Decode error: NS_ERROR_DOM_MEDIA_FATAL_ERR (0x806e0005) - RefPtr<MediaSourceTrackDemuxer::SamplesPromise> __cdecl mozilla::MediaSourceTrackDemuxer::DoGetSamples(int32_t): manager is detached.: file /builds/worker/checkouts/gecko/dom/media/MediaDecoderStateMachine.cpp, line 3471
[Child 12252, MediaDecoderStateMachine #1] WARNING: Decoder=29c09c8c400 Decode error: NS_ERROR_DOM_MEDIA_FATAL_ERR (0x806e0005) - RefPtr<MediaSourceTrackDemuxer::SamplesPromise> __cdecl mozilla::MediaSourceTrackDemuxer::DoGetSamples(int32_t): manager is detached.: file /builds/worker/checkouts/gecko/dom/media/MediaDecoderStateMachine.cpp, line 3471
[Child 12252, MediaDecoderStateMachine #1] WARNING: Decoder=29c09c8c400 Decode error: NS_ERROR_DOM_MEDIA_FATAL_ERR (0x806e0005) - RefPtr<MediaSourceTrackDemuxer::SamplesPromise> __cdecl mozilla::MediaSourceTrackDemuxer::DoGetSamples(int32_t): manager is detached.: file /builds/worker/checkouts/gecko/dom/media/MediaDecoderStateMachine.cpp, line 3471

###!!! [Parent][RunMessage] Error: Channel closing: too late to send/recv, messages will be lost

[Child 12252, MediaDecoderStateMachine #1] WARNING: Decoder=29c0a35f800 Decode error: NS_ERROR_DOM_MEDIA_FATAL_ERR (0x806e0005) - RefPtr<MediaSourceTrackDemuxer::SamplesPromise> __cdecl mozilla::MediaSourceTrackDemuxer::DoGetSamples(int32_t): manager is detached.: file /builds/worker/checkouts/gecko/dom/media/MediaDecoderStateMachine.cpp, line 3471
[Child 12252, MediaDecoderStateMachine #1] WARNING: Decoder=29c0a35f800 Decode error: NS_ERROR_DOM_MEDIA_FATAL_ERR (0x806e0005) - RefPtr<MediaSourceTrackDemuxer::SamplesPromise> __cdecl mozilla::MediaSourceTrackDemuxer::DoGetSamples(int32_t): manager is detached.: file /builds/worker/checkouts/gecko/dom/media/MediaDecoderStateMachine.cpp, line 3471
[Child 12252, MediaDecoderStateMachine #1] WARNING: Decoder=29c0a35f800 Decode error: NS_ERROR_DOM_MEDIA_FATAL_ERR (0x806e0005) - RefPtr<MediaSourceTrackDemuxer::SamplesPromise> __cdecl mozilla::MediaSourceTrackDemuxer::DoGetSamples(int32_t): manager is detached.: file /builds/worker/checkouts/gecko/dom/media/MediaDecoderStateMachine.cpp, line 3471
[Child 12252, MediaDecoderStateMachine #1] WARNING: Decoder=29c0a35f800 Decode error: NS_ERROR_DOM_MEDIA_FATAL_ERR (0x806e0005) - RefPtr<MediaSourceTrackDemuxer::SamplesPromise> __cdecl mozilla::MediaSourceTrackDemuxer::DoGetSamples(int32_t): manager is detached.: file /builds/worker/checkouts/gecko/dom/media/MediaDecoderStateMachine.cpp, line 3471
[Child 12252, MediaDecoderStateMachine #1] WARNING: Decoder=29c0a35f800 Decode error: NS_ERROR_DOM_MEDIA_FATAL_ERR (0x806e0005) - RefPtr<MediaSourceTrackDemuxer::SamplesPromise> __cdecl mozilla::MediaSourceTrackDemuxer::DoGetSamples(int32_t): manager is detached.: file /builds/worker/checkouts/gecko/dom/media/MediaDecoderStateMachine.cpp, line 3471
[Child 12252, MediaDecoderStateMachine #1] WARNING: Decoder=29c0bf07800 Decode error: NS_ERROR_DOM_MEDIA_FATAL_ERR (0x806e0005) - RefPtr<MediaSourceTrackDemuxer::SamplesPromise> __cdecl mozilla::MediaSourceTrackDemuxer::DoGetSamples(int32_t): manager is detached.: file /builds/worker/checkouts/gecko/dom/media/MediaDecoderStateMachine.cpp, line 3471
[Child 12252, MediaDecoderStateMachine #1] WARNING: Decoder=29c0bf07800 Decode error: NS_ERROR_DOM_MEDIA_FATAL_ERR (0x806e0005) - RefPtr<MediaSourceTrackDemuxer::SamplesPromise> __cdecl mozilla::MediaSourceTrackDemuxer::DoGetSamples(int32_t): manager is detached.: file /builds/worker/checkouts/gecko/dom/media/MediaDecoderStateMachine.cpp, line 3471
[Child 12252, MediaDecoderStateMachine #1] WARNING: Decoder=29c0bf07800 Decode error: NS_ERROR_DOM_MEDIA_FATAL_ERR (0x806e0005) - RefPtr<MediaSourceTrackDemuxer::SamplesPromise> __cdecl mozilla::MediaSourceTrackDemuxer::DoGetSamples(int32_t): manager is detached.: file /builds/worker/checkouts/gecko/dom/media/MediaDecoderStateMachine.cpp, line 3471
[Child 12252, MediaDecoderStateMachine #1] WARNING: Decoder=29c0bf07800 Decode error: NS_ERROR_DOM_MEDIA_FATAL_ERR (0x806e0005) - RefPtr<MediaSourceTrackDemuxer::SamplesPromise> __cdecl mozilla::MediaSourceTrackDemuxer::DoGetSamples(int32_t): manager is detached.: file /builds/worker/checkouts/gecko/dom/media/MediaDecoderStateMachine.cpp, line 3471
[Child 12252, MediaDecoderStateMachine #1] WARNING: Decoder=29c0bf07800 Decode error: NS_ERROR_DOM_MEDIA_FATAL_ERR (0x806e0005) - RefPtr<MediaSourceTrackDemuxer::SamplesPromise> __cdecl mozilla::MediaSourceTrackDemuxer::DoGetSamples(int32_t): manager is detached.: file /builds/worker/checkouts/gecko/dom/media/MediaDecoderStateMachine.cpp, line 3471
[Child 12252, MediaDecoderStateMachine #1] WARNING: Decoder=29c0bf07800 Decode error: NS_ERROR_DOM_MEDIA_FATAL_ERR (0x806e0005) - RefPtr<MediaSourceTrackDemuxer::SamplesPromise> __cdecl mozilla::MediaSourceTrackDemuxer::DoGetSamples(int32_t): manager is detached.: file /builds/worker/checkouts/gecko/dom/media/MediaDecoderStateMachine.cpp, line 3471
[Child 12252, MediaDecoderStateMachine #1] WARNING: Decoder=29c0bf07800 Decode error: NS_ERROR_DOM_MEDIA_FATAL_ERR (0x806e0005) - RefPtr<MediaSourceTrackDemuxer::SamplesPromise> __cdecl mozilla::MediaSourceTrackDemuxer::DoGetSamples(int32_t): manager is detached.: file /builds/worker/checkouts/gecko/dom/media/MediaDecoderStateMachine.cpp, line 3471
[Child 12252, MediaDecoderStateMachine #1] WARNING: Decoder=29c0bf07800 Decode error: NS_ERROR_DOM_MEDIA_FATAL_ERR (0x806e0005) - RefPtr<MediaSourceTrackDemuxer::SamplesPromise> __cdecl mozilla::MediaSourceTrackDemuxer::DoGetSamples(int32_t): manager is detached.: file /builds/worker/checkouts/gecko/dom/media/MediaDecoderStateMachine.cpp, line 3471
[Child 12252, MediaDecoderStateMachine #1] WARNING: Decoder=29c0d210c00 Decode error: NS_ERROR_DOM_MEDIA_FATAL_ERR (0x806e0005) - RefPtr<MediaSourceTrackDemuxer::SamplesPromise> __cdecl mozilla::MediaSourceTrackDemuxer::DoGetSamples(int32_t): manager is detached.: file /builds/worker/checkouts/gecko/dom/media/MediaDecoderStateMachine.cpp, line 3471
[Child 12252, MediaDecoderStateMachine #1] WARNING: Decoder=29c0d210c00 Decode error: NS_ERROR_DOM_MEDIA_FATAL_ERR (0x806e0005) - RefPtr<MediaSourceTrackDemuxer::SamplesPromise> __cdecl mozilla::MediaSourceTrackDemuxer::DoGetSamples(int32_t): manager is detached.: file /builds/worker/checkouts/gecko/dom/media/MediaDecoderStateMachine.cpp, line 3471
[Child 12252, MediaDecoderStateMachine #1] WARNING: Decoder=29c0d210c00 Decode error: NS_ERROR_DOM_MEDIA_FATAL_ERR (0x806e0005) - RefPtr<MediaSourceTrackDemuxer::SamplesPromise> __cdecl mozilla::MediaSourceTrackDemuxer::DoGetSamples(int32_t): manager is detached.: file /builds/worker/checkouts/gecko/dom/media/MediaDecoderStateMachine.cpp, line 3471
[Child 12252, MediaDecoderStateMachine #1] WARNING: Decoder=29c0d210c00 Decode error: NS_ERROR_DOM_MEDIA_FATAL_ERR (0x806e0005) - RefPtr<MediaSourceTrackDemuxer::SamplesPromise> __cdecl mozilla::MediaSourceTrackDemuxer::DoGetSamples(int32_t): manager is detached.: file /builds/worker/checkouts/gecko/dom/media/MediaDecoderStateMachine.cpp, line 3471
[Child 12252, MediaDecoderStateMachine #1] WARNING: Decoder=29c0d210c00 Decode error: NS_ERROR_DOM_MEDIA_FATAL_ERR (0x806e0005) - RefPtr<MediaSourceTrackDemuxer::SamplesPromise> __cdecl mozilla::MediaSourceTrackDemuxer::DoGetSamples(int32_t): manager is detached.: file /builds/worker/checkouts/gecko/dom/media/MediaDecoderStateMachine.cpp, line 3471
[Child 12252, MediaDecoderStateMachine #1] WARNING: Decoder=29c0d210c00 Decode error: NS_ERROR_DOM_MEDIA_FATAL_ERR (0x806e0005) - RefPtr<MediaSourceTrackDemuxer::SamplesPromise> __cdecl mozilla::MediaSourceTrackDemuxer::DoGetSamples(int32_t): manager is detached.: file /builds/worker/checkouts/gecko/dom/media/MediaDecoderStateMachine.cpp, line 3471
[Child 12252, MediaDecoderStateMachine #1] WARNING: Decoder=29c0d210c00 Decode error: NS_ERROR_DOM_MEDIA_FATAL_ERR (0x806e0005) - RefPtr<MediaSourceTrackDemuxer::SamplesPromise> __cdecl mozilla::MediaSourceTrackDemuxer::DoGetSamples(int32_t): manager is detached.: file /builds/worker/checkouts/gecko/dom/media/MediaDecoderStateMachine.cpp, line 3471
[Child 12252, MediaDecoderStateMachine #1] WARNING: Decoder=29c0d210c00 Decode error: NS_ERROR_DOM_MEDIA_FATAL_ERR (0x806e0005) - RefPtr<MediaSourceTrackDemuxer::SamplesPromise> __cdecl mozilla::MediaSourceTrackDemuxer::DoGetSamples(int32_t): manager is detached.: file /builds/worker/checkouts/gecko/dom/media/MediaDecoderStateMachine.cpp, line 3471
[Child 12252, MediaDecoderStateMachine #1] WARNING: Decoder=29c0d210c00 Decode error: NS_ERROR_DOM_MEDIA_FATAL_ERR (0x806e0005) - RefPtr<MediaSourceTrackDemuxer::SamplesPromise> __cdecl mozilla::MediaSourceTrackDemuxer::DoGetSamples(int32_t): manager is detached.: file /builds/worker/checkouts/gecko/dom/media/MediaDecoderStateMachine.cpp, line 3471
1601286263749	Marionette	INFO	Stopped listening on port 12035

###!!! [Child][RunMessage] Error: Channel closing: too late to send/recv, messages will be lost


###!!! [Child][RunMessage] Error: Channel closing: too late to send/recv, messages will be lost


###!!! [Child][MessageChannel::SendAndWait] Error: Channel error: cannot send/recv

1601343228343	geckodriver	INFO	Listening on 127.0.0.1:13675
1601343231292	mozrunner::runner	INFO	Running command: "C:\\Program Files\\Firefox Developer Edition\\firefox.exe" "--marionette" "-foreground" "-no-remote" "-profile" "C:\\Users\\pc\\AppData\\Local\\Temp\\rust_mozprofileqRSEFg"
Can't find symbol 'eglSwapBuffersWithDamageEXT'.
JavaScript error: resource://gre/modules/XULStore.jsm, line 66: Error: Can't find profile directory.
console.warn: SearchSettings: "get: No settings file exists, new profile?" (new Error("", "(unknown module)"))
1601343240257	Marionette	INFO	Listening on port 13683
JavaScript error: resource:///modules/UrlbarInput.jsm, line 1328: TypeError: (destructured parameter) is null
JavaScript error: resource:///modules/UrlbarInput.jsm, line 1328: TypeError: (destructured parameter) is null
JavaScript error: resource:///modules/UrlbarInput.jsm, line 1328: TypeError: (destructured parameter) is null
JavaScript error: resource:///modules/UrlbarInput.jsm, line 1328: TypeError: (destructured parameter) is null
1601343240817	Marionette	WARN	TLS certificate errors will be ignored for this session

###!!! [Child][RunMessage] Error: Channel closing: too late to send/recv, messages will be lost

1601343402083	Marionette	INFO	Stopped listening on port 13683

###!!! [Child][RunMessage] Error: Channel closing: too late to send/recv, messages will be lost


###!!! [Child][RunMessage] Error: Channel closing: too late to send/recv, messages will be lost


###!!! [Child][MessageChannel::SendAndWait] Error: Channel error: cannot send/recv

SearchSettings: "get: No settings file exists, new profile?" (new Error("", "(unknown module)"))
1601343275918	Marionette	INFO	Listening on port 13887
JavaScript error: resource:///modules/UrlbarInput.jsm, line 1328: TypeError: (destructured parameter) is null
JavaScript error: resource:///modules/UrlbarInput.jsm, line 1328: TypeError: (destructured parameter) is null
JavaScript error: resource:///modules/UrlbarInput.jsm, line 1328: TypeError: (destructured parameter) is null
JavaScript error: resource:///modules/UrlbarInput.jsm, line 1328: TypeError: (destructured parameter) is null
1601343276215	Marionette	WARN	TLS certificate errors will be ignored for this session
1601343321476	Marionette	INFO	Stopped listening on port 13887

###!!! [Child][RunMessage] Error: Channel closing: too late to send/recv, messages will be lost


###!!! [Child][RunMessage] Error: Channel closing: too late to send/recv, messages will be lost


###!!! [Child][MessageChannel::SendAndWait] Error: Channel error: cannot send/recv

